<?xml version="1.0" encoding="UTF-8"?>
<!-- Generated by org.testng.reporters.JUnitReportReporter -->
<testsuite hostname="nblap247" name="testng.ParallelExecution" tests="2" failures="0" timestamp="20 Sep 2019 11:27:07 GMT" time="3.566" errors="0">
  <testcase name="runParallel" time="1.458" classname="testng.ParallelExecution"/>
  <testcase name="runParallel" time="2.108" classname="testng.ParallelExecution"/>
</testsuite> <!-- testng.ParallelExecution -->
