<?xml version="1.0" encoding="UTF-8"?>
<!-- Generated by org.testng.reporters.JUnitReportReporter -->
<testsuite hostname="nblap247" name="testng.DataProviderTest" tests="2" failures="0" timestamp="20 Sep 2019 10:07:08 GMT" time="19.717" errors="0">
  <testcase name="login" time="7.898" classname="testng.DataProviderTest"/>
  <testcase name="login" time="11.819" classname="testng.DataProviderTest"/>
</testsuite> <!-- testng.DataProviderTest -->
